2025-01-12 10:15:22 INFO System started
2025-01-12 10:16:01 ERROR Disk not found
2025-01-12 10:16:45 WARNING High memory usage
2025-01-12 10:17:10 ERROR Network timeout
2025-01-12 10:18:05 INFO User 'admin' logged in successfully
2025-01-12 10:19:30 DEBUG Loading configuration file /etc/app/config.yaml
2025-01-12 10:20:15 ERROR Database connection failed: Connection refused
2025-01-12 10:21:00 CRITICAL Service 'PaymentGateway' is unresponsive
2025-01-12 10:22:45 WARNING Disk usage on /var/log is at 92%
2025-01-12 10:23:10 INFO Scheduled daily backup started
2025-01-12 10:24:22 DEBUG Cache miss for key 'session_8921'
2025-01-12 10:25:33 ERROR NullPointerException in module 'OrderProcessing'
2025-01-12 10:26:12 DEBUG Variable 'retry_count' incremented to 3
2025-01-12 10:28:55 INFO Update check completed: No new updates found
2025-01-12 10:30:00 WARNING CPU temperature reached 85C
2025-01-12 10:31:18 INFO New client connection from 192.168.1.105
2025-01-12 10:32:45 ERROR Failed to write to file: Permission denied
2025-01-12 10:33:00 CRITICAL Buffer overflow detected in thread #4
2025-01-12 10:34:12 INFO Background task 'EmailSync' completed in 1.2s
2025-01-12 10:35:50 WARNING API rate limit approaching for user 'client_x'
2025-01-12 10:36:20 ERROR SSL Handshake failed with remote host
2025-01-12 10:37:05 DEBUG SQL Query executed: SELECT * FROM users WHERE active=1
2025-01-12 10:38:15 INFO System shutdown sequence initiated
2025-01-12 10:39:00 INFO System halted
